// 同步 ID: 940ba1ff @ Mon Jun 29 16:36:52 UTC 2026
// 同步 ID: 1c5bdb41 @ Wed Jul  1 06:33:20 UTC 2026
// 重构日志: f102efa2
// 同步 ID: 42104508 @ Thu Jul  2 00:26:22 UTC 2026
// 重构日志: c421e062
// 重构日志: cde063b8
// 同步 ID: c897a123 @ Sat Jul  4 00:36:21 UTC 2026
// 重构日志: 1f5d2991
// 重构日志: 90300d24
// 重构日志: e83e66dc
// 重构日志: 7f65eed8
// 重构日志: 94d37977
// 重构日志: 080f8706
// 重构日志: 1bcea0ba
// 同步 ID: f3be4692 @ Sat Jul 11 16:57:46 UTC 2026
// 同步 ID: 4e16ec55 @ Sun Jul 12 00:53:33 UTC 2026
// 重构日志: dbd7b29b
// 重构日志: 03fd3437
// 重构日志: 52e8433b
// 重构日志: 9b30a862
// 重构日志: c3b47441
// 重构日志: 7e900022
// 重构日志: 340261a2
// 重构日志: 5cb43c36
// 同步 ID: 8663ba40 @ Fri Jul 17 13:09:28 UTC 2026
// 重构日志: d0936be1
// 同步 ID: b4c00825 @ Fri Jul 17 17:10:06 UTC 2026
// 重构日志: da66f9ef
// 重构日志: 9299ea20
// 同步 ID: 86e48cc4 @ Sat Jul 18 12:06:40 UTC 2026
